{"timestamp":"2025-12-31T15:21:36.875640Z","level":"info","event":"DAG bundles loaded: dags-folder, example_dags","logger":"airflow.dag_processing.bundles.manager.DagBundlesManager","filename":"manager.py","lineno":179}
{"timestamp":"2025-12-31T15:21:36.876048Z","level":"info","event":"Filling up the DagBag from /opt/airflow/dags/bps_simdasi_pipeline.py","logger":"airflow.models.dagbag.DagBag","filename":"dagbag.py","lineno":593}
{"timestamp":"2025-12-31T15:21:37.354588Z","level":"info","event":"Task instance is in running state","logger":"task.stdout"}
{"timestamp":"2025-12-31T15:21:37.357237Z","level":"info","event":" Previous state of the Task instance: TaskInstanceState.QUEUED","logger":"task.stdout"}
{"timestamp":"2025-12-31T15:21:37.357347Z","level":"info","event":"Current task name:process_simdasi_apis.process_api_5","logger":"task.stdout"}
{"timestamp":"2025-12-31T15:21:37.357411Z","level":"info","event":"Dag name:bps_simdasi_pipeline","logger":"task.stdout"}
{"timestamp":"2025-12-31T15:21:37.357509Z","level":"info","event":"🔁 Processing URL: https://webapi.bps.go.id/v1/api/interoperabilitas/datasource/simdasi/id/25/tahun/2023/id_tabel/UUROM3lMeGsxZ0czT2xFeEJsK0VWZz09/wilayah/3500000/key/79452e4c302f8921ad36cd2bf55f0630","logger":"task.stdout"}
{"timestamp":"2025-12-31T15:21:37.357593Z","level":"info","event":"","logger":"task.stdout"}
{"timestamp":"2025-12-31T15:21:37.357661Z","level":"info","event":"🔄 Mencoba mengambil daftar tahun yang tersedia secara otomatis...","logger":"task.stdout"}
{"timestamp":"2025-12-31T15:21:39.124509Z","level":"info","event":"✅ Tahun yang tersedia ditemukan: [2017, 2018, 2019, 2020, 2021, 2022, 2023]","logger":"task.stdout"}
{"timestamp":"2025-12-31T15:21:39.126651Z","level":"info","event":"","logger":"task.stdout"}
{"timestamp":"2025-12-31T15:21:39.126978Z","level":"info","event":"--- Memulai Loop Pengambilan Data SIMDASI ---","logger":"task.stdout"}
{"timestamp":"2025-12-31T15:21:39.127147Z","level":"info","event":"🔄 Mengambil tahun 2023...","logger":"task.stdout"}
{"timestamp":"2025-12-31T15:21:39.856945Z","level":"info","event":"-> Berhasil memproses data untuk tahun 2023.","logger":"task.stdout"}
{"timestamp":"2025-12-31T15:21:39.857417Z","level":"info","event":"🔄 Mengambil tahun 2022...","logger":"task.stdout"}
{"timestamp":"2025-12-31T15:21:40.595264Z","level":"info","event":"-> Berhasil memproses data untuk tahun 2022.","logger":"task.stdout"}
{"timestamp":"2025-12-31T15:21:40.595620Z","level":"info","event":"🔄 Mengambil tahun 2021...","logger":"task.stdout"}
{"timestamp":"2025-12-31T15:21:41.295372Z","level":"info","event":"-> Berhasil memproses data untuk tahun 2021.","logger":"task.stdout"}
{"timestamp":"2025-12-31T15:21:41.295702Z","level":"info","event":"🔄 Mengambil tahun 2020...","logger":"task.stdout"}
{"timestamp":"2025-12-31T15:21:41.938656Z","level":"info","event":"-> Berhasil memproses data untuk tahun 2020.","logger":"task.stdout"}
{"timestamp":"2025-12-31T15:21:41.938974Z","level":"info","event":"🔄 Mengambil tahun 2019...","logger":"task.stdout"}
{"timestamp":"2025-12-31T15:21:42.623197Z","level":"info","event":"-> Berhasil memproses data untuk tahun 2019.","logger":"task.stdout"}
{"timestamp":"2025-12-31T15:21:42.623671Z","level":"info","event":"🔄 Mengambil tahun 2018...","logger":"task.stdout"}
{"timestamp":"2025-12-31T15:21:43.305156Z","level":"info","event":"-> Berhasil memproses data untuk tahun 2018.","logger":"task.stdout"}
{"timestamp":"2025-12-31T15:21:43.307268Z","level":"info","event":"🔄 Mengambil tahun 2017...","logger":"task.stdout"}
{"timestamp":"2025-12-31T15:21:44.030107Z","level":"info","event":"-> Berhasil memproses data untuk tahun 2017.","logger":"task.stdout"}
{"timestamp":"2025-12-31T15:21:44.041307Z","level":"info","event":"✅Yeay Data berhasil ditranspose menjadi format long (jumlah baris: 1365).","logger":"task.stdout"}
{"timestamp":"2025-12-31T15:21:44.042324Z","level":"info","event":"Skema: 'kesehatan', Tabel: 'penduduk_yg_memiliki_jaminan_kesehatan'","logger":"task.stdout"}
{"timestamp":"2025-12-31T15:21:44.043666Z","level":"info","event":"❌YAH GABISA Terjadi kesalahan saat operasi database: connection to server at \"localhost\" (::1), port 5431 failed: Connection refused","logger":"task.stdout"}
{"timestamp":"2025-12-31T15:21:44.043914Z","level":"info","event":"\tIs the server running on that host and accepting TCP/IP connections?","logger":"task.stdout"}
{"timestamp":"2025-12-31T15:21:44.044057Z","level":"info","event":"connection to server at \"localhost\" (127.0.0.1), port 5431 failed: Connection refused","logger":"task.stdout"}
{"timestamp":"2025-12-31T15:21:44.044260Z","level":"info","event":"\tIs the server running on that host and accepting TCP/IP connections?","logger":"task.stdout"}
{"timestamp":"2025-12-31T15:21:44.044396Z","level":"info","event":"","logger":"task.stdout"}
{"timestamp":"2025-12-31T15:21:44.044563Z","level":"info","event":"Skema: 'kesehatan', Tabel: 'penduduk_yg_memiliki_jaminan_kesehatan_cl'","logger":"task.stdout"}
{"timestamp":"2025-12-31T15:21:44.044794Z","level":"info","event":"❌YAH GABISA Terjadi kesalahan saat operasi database: connection to server at \"localhost\" (::1), port 5431 failed: Connection refused","logger":"task.stdout"}
{"timestamp":"2025-12-31T15:21:44.045105Z","level":"info","event":"\tIs the server running on that host and accepting TCP/IP connections?","logger":"task.stdout"}
{"timestamp":"2025-12-31T15:21:44.045365Z","level":"info","event":"connection to server at \"localhost\" (127.0.0.1), port 5431 failed: Connection refused","logger":"task.stdout"}
{"timestamp":"2025-12-31T15:21:44.045504Z","level":"info","event":"\tIs the server running on that host and accepting TCP/IP connections?","logger":"task.stdout"}
{"timestamp":"2025-12-31T15:21:44.045608Z","level":"info","event":"","logger":"task.stdout"}
{"timestamp":"2025-12-31T15:21:44.044843Z","level":"info","event":"Done. Returned value was: None","logger":"airflow.task.operators.airflow.providers.standard.operators.python.PythonOperator","filename":"python.py","lineno":215}
{"timestamp":"2025-12-31T15:21:44.059188Z","level":"info","event":"Task instance in success state","logger":"task.stdout"}
{"timestamp":"2025-12-31T15:21:44.059423Z","level":"info","event":" Previous state of the Task instance: TaskInstanceState.RUNNING","logger":"task.stdout"}
{"timestamp":"2025-12-31T15:21:44.059646Z","level":"info","event":"Task operator:<Task(PythonOperator): process_simdasi_apis.process_api_5>","logger":"task.stdout"}
