{"timestamp":"2025-12-31T15:26:19.711782Z","level":"info","event":"DAG bundles loaded: dags-folder, example_dags","logger":"airflow.dag_processing.bundles.manager.DagBundlesManager","filename":"manager.py","lineno":179}
{"timestamp":"2025-12-31T15:26:19.712482Z","level":"info","event":"Filling up the DagBag from /opt/airflow/dags/bps_simdasi_pipeline.py","logger":"airflow.models.dagbag.DagBag","filename":"dagbag.py","lineno":593}
{"timestamp":"2025-12-31T15:26:20.197891Z","level":"info","event":"Task instance is in running state","logger":"task.stdout"}
{"timestamp":"2025-12-31T15:26:20.201889Z","level":"info","event":" Previous state of the Task instance: TaskInstanceState.QUEUED","logger":"task.stdout"}
{"timestamp":"2025-12-31T15:26:20.202685Z","level":"info","event":"Current task name:process_simdasi_apis.process_api_2","logger":"task.stdout"}
{"timestamp":"2025-12-31T15:26:20.202934Z","level":"info","event":"Dag name:bps_simdasi_pipeline","logger":"task.stdout"}
{"timestamp":"2025-12-31T15:26:20.203294Z","level":"info","event":"🔁 Processing URL: https://webapi.bps.go.id/v1/api/interoperabilitas/datasource/simdasi/id/25/tahun/2024/id_tabel/a05CZmFhT0JWY0lBd2g0cW80S0xiZz09/wilayah/3500000/th/1,2/key/79452e4c302f8921ad36cd2bf55f0630","logger":"task.stdout"}
{"timestamp":"2025-12-31T15:26:20.203547Z","level":"info","event":"","logger":"task.stdout"}
{"timestamp":"2025-12-31T15:26:20.204612Z","level":"info","event":"🔄 Mencoba mengambil daftar tahun yang tersedia secara otomatis...","logger":"task.stdout"}
{"timestamp":"2025-12-31T15:26:21.704093Z","level":"info","event":"✅ Tahun yang tersedia ditemukan: [2017, 2019, 2023, 2024]","logger":"task.stdout"}
{"timestamp":"2025-12-31T15:26:21.705669Z","level":"info","event":"","logger":"task.stdout"}
{"timestamp":"2025-12-31T15:26:21.705924Z","level":"info","event":"--- Memulai Loop Pengambilan Data SIMDASI ---","logger":"task.stdout"}
{"timestamp":"2025-12-31T15:26:21.706115Z","level":"info","event":"🔄 Mengambil tahun 2024...","logger":"task.stdout"}
{"timestamp":"2025-12-31T15:26:22.335727Z","level":"info","event":"-> Berhasil memproses data untuk tahun 2024.","logger":"task.stdout"}
{"timestamp":"2025-12-31T15:26:22.338185Z","level":"info","event":"🔄 Mengambil tahun 2023...","logger":"task.stdout"}
{"timestamp":"2025-12-31T15:26:23.000533Z","level":"info","event":"-> Berhasil memproses data untuk tahun 2023.","logger":"task.stdout"}
{"timestamp":"2025-12-31T15:26:23.000976Z","level":"info","event":"🔄 Mengambil tahun 2019...","logger":"task.stdout"}
{"timestamp":"2025-12-31T15:26:23.674081Z","level":"info","event":"-> Berhasil memproses data untuk tahun 2019.","logger":"task.stdout"}
{"timestamp":"2025-12-31T15:26:23.674768Z","level":"info","event":"🔄 Mengambil tahun 2017...","logger":"task.stdout"}
{"timestamp":"2025-12-31T15:26:24.290165Z","level":"info","event":"-> Berhasil memproses data untuk tahun 2017.","logger":"task.stdout"}
{"timestamp":"2025-12-31T15:26:24.303191Z","level":"info","event":"✅Yeay Data berhasil ditranspose menjadi format long (jumlah baris: 2496).","logger":"task.stdout"}
{"timestamp":"2025-12-31T15:26:24.304333Z","level":"info","event":"Skema: 'kesehatan', Tabel: 'kasus_penyakit'","logger":"task.stdout"}
{"timestamp":"2025-12-31T15:26:24.307199Z","level":"info","event":"❌YAH GABISA Terjadi kesalahan saat operasi database: connection to server at \"127.0.0.1\", port 5431 failed: Connection refused","logger":"task.stdout"}
{"timestamp":"2025-12-31T15:26:24.307609Z","level":"info","event":"\tIs the server running on that host and accepting TCP/IP connections?","logger":"task.stdout"}
{"timestamp":"2025-12-31T15:26:24.308347Z","level":"info","event":"","logger":"task.stdout"}
{"timestamp":"2025-12-31T15:26:24.309720Z","level":"info","event":"Skema: 'kesehatan', Tabel: 'kasus_penyakit_cl'","logger":"task.stdout"}
{"timestamp":"2025-12-31T15:26:24.310086Z","level":"info","event":"❌YAH GABISA Terjadi kesalahan saat operasi database: connection to server at \"127.0.0.1\", port 5431 failed: Connection refused","logger":"task.stdout"}
{"timestamp":"2025-12-31T15:26:24.310353Z","level":"info","event":"\tIs the server running on that host and accepting TCP/IP connections?","logger":"task.stdout"}
{"timestamp":"2025-12-31T15:26:24.310458Z","level":"info","event":"","logger":"task.stdout"}
{"timestamp":"2025-12-31T15:26:24.308637Z","level":"info","event":"Done. Returned value was: None","logger":"airflow.task.operators.airflow.providers.standard.operators.python.PythonOperator","filename":"python.py","lineno":215}
{"timestamp":"2025-12-31T15:26:24.322527Z","level":"info","event":"Task instance in success state","logger":"task.stdout"}
{"timestamp":"2025-12-31T15:26:24.322982Z","level":"info","event":" Previous state of the Task instance: TaskInstanceState.RUNNING","logger":"task.stdout"}
{"timestamp":"2025-12-31T15:26:24.323188Z","level":"info","event":"Task operator:<Task(PythonOperator): process_simdasi_apis.process_api_2>","logger":"task.stdout"}
