{"timestamp":"2025-12-31T15:51:33.844446Z","level":"info","event":"DAG bundles loaded: dags-folder, example_dags","logger":"airflow.dag_processing.bundles.manager.DagBundlesManager","filename":"manager.py","lineno":179}
{"timestamp":"2025-12-31T15:51:33.844796Z","level":"info","event":"Filling up the DagBag from /opt/airflow/dags/bps_simdasi_pipeline.py","logger":"airflow.models.dagbag.DagBag","filename":"dagbag.py","lineno":593}
{"timestamp":"2025-12-31T15:51:34.311362Z","level":"info","event":"Task instance is in running state","logger":"task.stdout"}
{"timestamp":"2025-12-31T15:51:34.312235Z","level":"info","event":" Previous state of the Task instance: TaskInstanceState.QUEUED","logger":"task.stdout"}
{"timestamp":"2025-12-31T15:51:34.312396Z","level":"info","event":"Current task name:process_simdasi_apis.process_api_3","logger":"task.stdout"}
{"timestamp":"2025-12-31T15:51:34.312565Z","level":"info","event":"Dag name:bps_simdasi_pipeline","logger":"task.stdout"}
{"timestamp":"2025-12-31T15:51:34.312753Z","level":"info","event":"ðŸ” Processing URL: https://webapi.bps.go.id/v1/api/interoperabilitas/datasource/simdasi/id/25/tahun/2023/id_tabel/biszcFRCUnVKUXNnTDZvWnA3ZWtyUT09/wilayah/3500000/key/79452e4c302f8921ad36cd2bf55f0630","logger":"task.stdout"}
{"timestamp":"2025-12-31T15:51:34.312918Z","level":"info","event":"","logger":"task.stdout"}
{"timestamp":"2025-12-31T15:51:34.313092Z","level":"info","event":"ðŸ”„ Mencoba mengambil daftar tahun yang tersedia secara otomatis...","logger":"task.stdout"}
{"timestamp":"2025-12-31T15:51:36.013399Z","level":"info","event":"âœ… Tahun yang tersedia ditemukan: [2016, 2017, 2018, 2019, 2022, 2023]","logger":"task.stdout"}
{"timestamp":"2025-12-31T15:51:36.013995Z","level":"info","event":"","logger":"task.stdout"}
{"timestamp":"2025-12-31T15:51:36.014112Z","level":"info","event":"--- Memulai Loop Pengambilan Data SIMDASI ---","logger":"task.stdout"}
{"timestamp":"2025-12-31T15:51:36.014192Z","level":"info","event":"ðŸ”„ Mengambil tahun 2023...","logger":"task.stdout"}
{"timestamp":"2025-12-31T15:51:36.762365Z","level":"info","event":"-> Berhasil memproses data untuk tahun 2023.","logger":"task.stdout"}
{"timestamp":"2025-12-31T15:51:36.764456Z","level":"info","event":"ðŸ”„ Mengambil tahun 2022...","logger":"task.stdout"}
{"timestamp":"2025-12-31T15:51:37.484216Z","level":"info","event":"-> Berhasil memproses data untuk tahun 2022.","logger":"task.stdout"}
{"timestamp":"2025-12-31T15:51:37.484423Z","level":"info","event":"ðŸ”„ Mengambil tahun 2019...","logger":"task.stdout"}
{"timestamp":"2025-12-31T15:51:38.222290Z","level":"info","event":"-> Berhasil memproses data untuk tahun 2019.","logger":"task.stdout"}
{"timestamp":"2025-12-31T15:51:38.222464Z","level":"info","event":"ðŸ”„ Mengambil tahun 2018...","logger":"task.stdout"}
{"timestamp":"2025-12-31T15:51:38.926813Z","level":"info","event":"-> Berhasil memproses data untuk tahun 2018.","logger":"task.stdout"}
{"timestamp":"2025-12-31T15:51:38.927045Z","level":"info","event":"ðŸ”„ Mengambil tahun 2017...","logger":"task.stdout"}
{"timestamp":"2025-12-31T15:51:39.630360Z","level":"info","event":"-> Berhasil memproses data untuk tahun 2017.","logger":"task.stdout"}
{"timestamp":"2025-12-31T15:51:39.631020Z","level":"info","event":"ðŸ”„ Mengambil tahun 2016...","logger":"task.stdout"}
{"timestamp":"2025-12-31T15:51:40.310959Z","level":"info","event":"-> Berhasil memproses data untuk tahun 2016.","logger":"task.stdout"}
{"timestamp":"2025-12-31T15:51:40.319754Z","level":"info","event":"âœ…Yeay Data berhasil ditranspose menjadi format long (jumlah baris: 2340).","logger":"task.stdout"}
{"timestamp":"2025-12-31T15:51:40.320721Z","level":"info","event":"Skema: 'kesehatan', Tabel: 'sarana_kesehatan'","logger":"task.stdout"}
{"timestamp":"2025-12-31T15:51:40.332415Z","level":"info","event":"Memastikan skema 'kesehatan' ada...","logger":"task.stdout"}
{"timestamp":"2025-12-31T15:51:40.334301Z","level":"info","event":"âœ… Skema 'kesehatan' siap.","logger":"task.stdout"}
{"timestamp":"2025-12-31T15:51:40.335788Z","level":"info","event":"Menulis data ke tabel 'kesehatan.sarana_kesehatan'...","logger":"task.stdout"}
{"timestamp":"2025-12-31T15:51:40.381141Z","level":"info","event":"âœ…YEY BISA Data berhasil disimpan ke PostgreSQL: kesehatan.sarana_kesehatan","logger":"task.stdout"}
{"timestamp":"2025-12-31T15:51:40.381397Z","level":"info","event":"Skema: 'kesehatan', Tabel: 'sarana_kesehatan_cl'","logger":"task.stdout"}
{"timestamp":"2025-12-31T15:51:40.387098Z","level":"info","event":"Memastikan skema 'kesehatan' ada...","logger":"task.stdout"}
{"timestamp":"2025-12-31T15:51:40.388035Z","level":"info","event":"âœ… Skema 'kesehatan' siap.","logger":"task.stdout"}
{"timestamp":"2025-12-31T15:51:40.388556Z","level":"info","event":"Menulis data ke tabel 'kesehatan.sarana_kesehatan_cl'...","logger":"task.stdout"}
{"timestamp":"2025-12-31T15:51:40.440351Z","level":"info","event":"âœ…CONGRATS Data berhasil disimpan ke PostgreSQL: kesehatan.sarana_kesehatan_cl","logger":"task.stdout"}
{"timestamp":"2025-12-31T15:51:40.440865Z","level":"info","event":"Done. Returned value was: None","logger":"airflow.task.operators.airflow.providers.standard.operators.python.PythonOperator","filename":"python.py","lineno":215}
{"timestamp":"2025-12-31T15:51:40.452406Z","level":"info","event":"Task instance in success state","logger":"task.stdout"}
{"timestamp":"2025-12-31T15:51:40.452575Z","level":"info","event":" Previous state of the Task instance: TaskInstanceState.RUNNING","logger":"task.stdout"}
{"timestamp":"2025-12-31T15:51:40.452698Z","level":"info","event":"Task operator:<Task(PythonOperator): process_simdasi_apis.process_api_3>","logger":"task.stdout"}
