{"timestamp":"2025-12-31T15:51:40.766976Z","level":"info","event":"DAG bundles loaded: dags-folder, example_dags","logger":"airflow.dag_processing.bundles.manager.DagBundlesManager","filename":"manager.py","lineno":179}
{"timestamp":"2025-12-31T15:51:40.767383Z","level":"info","event":"Filling up the DagBag from /opt/airflow/dags/bps_simdasi_pipeline.py","logger":"airflow.models.dagbag.DagBag","filename":"dagbag.py","lineno":593}
{"timestamp":"2025-12-31T15:51:41.196517Z","level":"info","event":"Task instance is in running state","logger":"task.stdout"}
{"timestamp":"2025-12-31T15:51:41.196643Z","level":"info","event":" Previous state of the Task instance: TaskInstanceState.QUEUED","logger":"task.stdout"}
{"timestamp":"2025-12-31T15:51:41.196728Z","level":"info","event":"Current task name:process_simdasi_apis.process_api_4","logger":"task.stdout"}
{"timestamp":"2025-12-31T15:51:41.196791Z","level":"info","event":"Dag name:bps_simdasi_pipeline","logger":"task.stdout"}
{"timestamp":"2025-12-31T15:51:41.197578Z","level":"info","event":"ðŸ” Processing URL: https://webapi.bps.go.id/v1/api/interoperabilitas/datasource/simdasi/id/25/tahun/2024/id_tabel/aWpHRGF4UVBjZTVEODBHMTV4R0xUUT09/wilayah/3500000/key/79452e4c302f8921ad36cd2bf55f0630/","logger":"task.stdout"}
{"timestamp":"2025-12-31T15:51:41.197645Z","level":"info","event":"","logger":"task.stdout"}
{"timestamp":"2025-12-31T15:51:41.197685Z","level":"info","event":"ðŸ”„ Mencoba mengambil daftar tahun yang tersedia secara otomatis...","logger":"task.stdout"}
{"timestamp":"2025-12-31T15:51:42.877926Z","level":"info","event":"âœ… Tahun yang tersedia ditemukan: [2018, 2019, 2023, 2024]","logger":"task.stdout"}
{"timestamp":"2025-12-31T15:51:42.879803Z","level":"info","event":"","logger":"task.stdout"}
{"timestamp":"2025-12-31T15:51:42.880066Z","level":"info","event":"--- Memulai Loop Pengambilan Data SIMDASI ---","logger":"task.stdout"}
{"timestamp":"2025-12-31T15:51:42.880225Z","level":"info","event":"ðŸ”„ Mengambil tahun 2024...","logger":"task.stdout"}
{"timestamp":"2025-12-31T15:51:43.621950Z","level":"info","event":"-> Berhasil memproses data untuk tahun 2024.","logger":"task.stdout"}
{"timestamp":"2025-12-31T15:51:43.622638Z","level":"info","event":"ðŸ”„ Mengambil tahun 2023...","logger":"task.stdout"}
{"timestamp":"2025-12-31T15:51:44.323325Z","level":"info","event":"-> Berhasil memproses data untuk tahun 2023.","logger":"task.stdout"}
{"timestamp":"2025-12-31T15:51:44.323641Z","level":"info","event":"ðŸ”„ Mengambil tahun 2019...","logger":"task.stdout"}
{"timestamp":"2025-12-31T15:51:45.043654Z","level":"info","event":"-> Berhasil memproses data untuk tahun 2019.","logger":"task.stdout"}
{"timestamp":"2025-12-31T15:51:45.044065Z","level":"info","event":"ðŸ”„ Mengambil tahun 2018...","logger":"task.stdout"}
{"timestamp":"2025-12-31T15:51:45.762446Z","level":"info","event":"-> Berhasil memproses data untuk tahun 2018.","logger":"task.stdout"}
{"timestamp":"2025-12-31T15:51:45.773394Z","level":"info","event":"âœ…Yeay Data berhasil ditranspose menjadi format long (jumlah baris: 2028).","logger":"task.stdout"}
{"timestamp":"2025-12-31T15:51:45.773994Z","level":"info","event":"Skema: 'kesehatan', Tabel: 'tenaga_kesehatan'","logger":"task.stdout"}
{"timestamp":"2025-12-31T15:51:45.782670Z","level":"info","event":"Memastikan skema 'kesehatan' ada...","logger":"task.stdout"}
{"timestamp":"2025-12-31T15:51:45.783862Z","level":"info","event":"âœ… Skema 'kesehatan' siap.","logger":"task.stdout"}
{"timestamp":"2025-12-31T15:51:45.784465Z","level":"info","event":"Menulis data ke tabel 'kesehatan.tenaga_kesehatan'...","logger":"task.stdout"}
{"timestamp":"2025-12-31T15:51:45.811548Z","level":"info","event":"âœ…YEY BISA Data berhasil disimpan ke PostgreSQL: kesehatan.tenaga_kesehatan","logger":"task.stdout"}
{"timestamp":"2025-12-31T15:51:45.811709Z","level":"info","event":"Skema: 'kesehatan', Tabel: 'tenaga_kesehatan_cl'","logger":"task.stdout"}
{"timestamp":"2025-12-31T15:51:45.818067Z","level":"info","event":"Memastikan skema 'kesehatan' ada...","logger":"task.stdout"}
{"timestamp":"2025-12-31T15:51:45.818871Z","level":"info","event":"âœ… Skema 'kesehatan' siap.","logger":"task.stdout"}
{"timestamp":"2025-12-31T15:51:45.819153Z","level":"info","event":"Menulis data ke tabel 'kesehatan.tenaga_kesehatan_cl'...","logger":"task.stdout"}
{"timestamp":"2025-12-31T15:51:45.868396Z","level":"info","event":"âœ…CONGRATS Data berhasil disimpan ke PostgreSQL: kesehatan.tenaga_kesehatan_cl","logger":"task.stdout"}
{"timestamp":"2025-12-31T15:51:45.869239Z","level":"info","event":"Done. Returned value was: None","logger":"airflow.task.operators.airflow.providers.standard.operators.python.PythonOperator","filename":"python.py","lineno":215}
{"timestamp":"2025-12-31T15:51:45.877632Z","level":"info","event":"Task instance in success state","logger":"task.stdout"}
{"timestamp":"2025-12-31T15:51:45.877773Z","level":"info","event":" Previous state of the Task instance: TaskInstanceState.RUNNING","logger":"task.stdout"}
{"timestamp":"2025-12-31T15:51:45.877883Z","level":"info","event":"Task operator:<Task(PythonOperator): process_simdasi_apis.process_api_4>","logger":"task.stdout"}
