{"timestamp":"2025-12-31T15:26:36.286652Z","level":"info","event":"DAG bundles loaded: dags-folder, example_dags","logger":"airflow.dag_processing.bundles.manager.DagBundlesManager","filename":"manager.py","lineno":179}
{"timestamp":"2025-12-31T15:26:36.286920Z","level":"info","event":"Filling up the DagBag from /opt/airflow/dags/bps_simdasi_pipeline.py","logger":"airflow.models.dagbag.DagBag","filename":"dagbag.py","lineno":593}
{"timestamp":"2025-12-31T15:26:36.760290Z","level":"info","event":"Task instance is in running state","logger":"task.stdout"}
{"timestamp":"2025-12-31T15:26:36.760513Z","level":"info","event":" Previous state of the Task instance: TaskInstanceState.QUEUED","logger":"task.stdout"}
{"timestamp":"2025-12-31T15:26:36.760655Z","level":"info","event":"Current task name:process_simdasi_apis.process_api_5","logger":"task.stdout"}
{"timestamp":"2025-12-31T15:26:36.760771Z","level":"info","event":"Dag name:bps_simdasi_pipeline","logger":"task.stdout"}
{"timestamp":"2025-12-31T15:26:36.760851Z","level":"info","event":"🔁 Processing URL: https://webapi.bps.go.id/v1/api/interoperabilitas/datasource/simdasi/id/25/tahun/2023/id_tabel/UUROM3lMeGsxZ0czT2xFeEJsK0VWZz09/wilayah/3500000/key/79452e4c302f8921ad36cd2bf55f0630","logger":"task.stdout"}
{"timestamp":"2025-12-31T15:26:36.760918Z","level":"info","event":"","logger":"task.stdout"}
{"timestamp":"2025-12-31T15:26:36.760980Z","level":"info","event":"🔄 Mencoba mengambil daftar tahun yang tersedia secara otomatis...","logger":"task.stdout"}
{"timestamp":"2025-12-31T15:26:38.400143Z","level":"info","event":"✅ Tahun yang tersedia ditemukan: [2017, 2018, 2019, 2020, 2021, 2022, 2023]","logger":"task.stdout"}
{"timestamp":"2025-12-31T15:26:38.404456Z","level":"info","event":"","logger":"task.stdout"}
{"timestamp":"2025-12-31T15:26:38.404783Z","level":"info","event":"--- Memulai Loop Pengambilan Data SIMDASI ---","logger":"task.stdout"}
{"timestamp":"2025-12-31T15:26:38.404985Z","level":"info","event":"🔄 Mengambil tahun 2023...","logger":"task.stdout"}
{"timestamp":"2025-12-31T15:26:39.102771Z","level":"info","event":"-> Berhasil memproses data untuk tahun 2023.","logger":"task.stdout"}
{"timestamp":"2025-12-31T15:26:39.103367Z","level":"info","event":"🔄 Mengambil tahun 2022...","logger":"task.stdout"}
{"timestamp":"2025-12-31T15:26:39.796819Z","level":"info","event":"-> Berhasil memproses data untuk tahun 2022.","logger":"task.stdout"}
{"timestamp":"2025-12-31T15:26:39.798371Z","level":"info","event":"🔄 Mengambil tahun 2021...","logger":"task.stdout"}
{"timestamp":"2025-12-31T15:26:40.661746Z","level":"info","event":"-> Berhasil memproses data untuk tahun 2021.","logger":"task.stdout"}
{"timestamp":"2025-12-31T15:26:40.663844Z","level":"info","event":"🔄 Mengambil tahun 2020...","logger":"task.stdout"}
{"timestamp":"2025-12-31T15:26:41.322398Z","level":"info","event":"-> Berhasil memproses data untuk tahun 2020.","logger":"task.stdout"}
{"timestamp":"2025-12-31T15:26:41.323636Z","level":"info","event":"🔄 Mengambil tahun 2019...","logger":"task.stdout"}
{"timestamp":"2025-12-31T15:26:42.005396Z","level":"info","event":"-> Berhasil memproses data untuk tahun 2019.","logger":"task.stdout"}
{"timestamp":"2025-12-31T15:26:42.005804Z","level":"info","event":"🔄 Mengambil tahun 2018...","logger":"task.stdout"}
{"timestamp":"2025-12-31T15:26:42.663308Z","level":"info","event":"-> Berhasil memproses data untuk tahun 2018.","logger":"task.stdout"}
{"timestamp":"2025-12-31T15:26:42.664260Z","level":"info","event":"🔄 Mengambil tahun 2017...","logger":"task.stdout"}
{"timestamp":"2025-12-31T15:26:43.375397Z","level":"info","event":"-> Berhasil memproses data untuk tahun 2017.","logger":"task.stdout"}
{"timestamp":"2025-12-31T15:26:43.386405Z","level":"info","event":"✅Yeay Data berhasil ditranspose menjadi format long (jumlah baris: 1365).","logger":"task.stdout"}
{"timestamp":"2025-12-31T15:26:43.387499Z","level":"info","event":"Skema: 'kesehatan', Tabel: 'penduduk_yg_memiliki_jaminan_kesehatan'","logger":"task.stdout"}
{"timestamp":"2025-12-31T15:26:43.389321Z","level":"info","event":"❌YAH GABISA Terjadi kesalahan saat operasi database: connection to server at \"127.0.0.1\", port 5431 failed: Connection refused","logger":"task.stdout"}
{"timestamp":"2025-12-31T15:26:43.389572Z","level":"info","event":"\tIs the server running on that host and accepting TCP/IP connections?","logger":"task.stdout"}
{"timestamp":"2025-12-31T15:26:43.389683Z","level":"info","event":"","logger":"task.stdout"}
{"timestamp":"2025-12-31T15:26:43.389774Z","level":"info","event":"Skema: 'kesehatan', Tabel: 'penduduk_yg_memiliki_jaminan_kesehatan_cl'","logger":"task.stdout"}
{"timestamp":"2025-12-31T15:26:43.389850Z","level":"info","event":"❌YAH GABISA Terjadi kesalahan saat operasi database: connection to server at \"127.0.0.1\", port 5431 failed: Connection refused","logger":"task.stdout"}
{"timestamp":"2025-12-31T15:26:43.389928Z","level":"info","event":"\tIs the server running on that host and accepting TCP/IP connections?","logger":"task.stdout"}
{"timestamp":"2025-12-31T15:26:43.390318Z","level":"info","event":"","logger":"task.stdout"}
{"timestamp":"2025-12-31T15:26:43.389434Z","level":"info","event":"Done. Returned value was: None","logger":"airflow.task.operators.airflow.providers.standard.operators.python.PythonOperator","filename":"python.py","lineno":215}
{"timestamp":"2025-12-31T15:26:43.406524Z","level":"info","event":"Task instance in success state","logger":"task.stdout"}
{"timestamp":"2025-12-31T15:26:43.408243Z","level":"info","event":" Previous state of the Task instance: TaskInstanceState.RUNNING","logger":"task.stdout"}
{"timestamp":"2025-12-31T15:26:43.408369Z","level":"info","event":"Task operator:<Task(PythonOperator): process_simdasi_apis.process_api_5>","logger":"task.stdout"}
