{"timestamp":"2025-12-31T15:44:00.819997Z","level":"info","event":"DAG bundles loaded: dags-folder, example_dags","logger":"airflow.dag_processing.bundles.manager.DagBundlesManager","filename":"manager.py","lineno":179}
{"timestamp":"2025-12-31T15:44:00.820763Z","level":"info","event":"Filling up the DagBag from /opt/airflow/dags/bps_simdasi_pipeline.py","logger":"airflow.models.dagbag.DagBag","filename":"dagbag.py","lineno":593}
{"timestamp":"2025-12-31T15:44:01.295388Z","level":"info","event":"Task instance is in running state","logger":"task.stdout"}
{"timestamp":"2025-12-31T15:44:01.295611Z","level":"info","event":" Previous state of the Task instance: TaskInstanceState.QUEUED","logger":"task.stdout"}
{"timestamp":"2025-12-31T15:44:01.295795Z","level":"info","event":"Current task name:process_simdasi_apis.process_api_1","logger":"task.stdout"}
{"timestamp":"2025-12-31T15:44:01.295915Z","level":"info","event":"Dag name:bps_simdasi_pipeline","logger":"task.stdout"}
{"timestamp":"2025-12-31T15:44:01.296862Z","level":"info","event":"🔁 Processing URL: https://webapi.bps.go.id/v1/api/interoperabilitas/datasource/simdasi/id/25/tahun/2024/id_tabel/Mzh6ZDZ3VXg3bzRtUUVtRkZOZUpZdz09/wilayah/3500000/th/1,2/key/79452e4c302f8921ad36cd2bf55f0630","logger":"task.stdout"}
{"timestamp":"2025-12-31T15:44:01.297011Z","level":"info","event":"","logger":"task.stdout"}
{"timestamp":"2025-12-31T15:44:01.297117Z","level":"info","event":"🔄 Mencoba mengambil daftar tahun yang tersedia secara otomatis...","logger":"task.stdout"}
{"timestamp":"2025-12-31T15:44:03.317237Z","level":"info","event":"✅ Tahun yang tersedia ditemukan: [2011, 2014, 2018, 2019, 2020, 2021, 2024]","logger":"task.stdout"}
{"timestamp":"2025-12-31T15:44:03.319463Z","level":"info","event":"","logger":"task.stdout"}
{"timestamp":"2025-12-31T15:44:03.319869Z","level":"info","event":"--- Memulai Loop Pengambilan Data SIMDASI ---","logger":"task.stdout"}
{"timestamp":"2025-12-31T15:44:03.320040Z","level":"info","event":"🔄 Mengambil tahun 2024...","logger":"task.stdout"}
{"timestamp":"2025-12-31T15:44:04.006030Z","level":"info","event":"-> Berhasil memproses data untuk tahun 2024.","logger":"task.stdout"}
{"timestamp":"2025-12-31T15:44:04.006521Z","level":"info","event":"🔄 Mengambil tahun 2021...","logger":"task.stdout"}
{"timestamp":"2025-12-31T15:44:04.697729Z","level":"info","event":"-> Berhasil memproses data untuk tahun 2021.","logger":"task.stdout"}
{"timestamp":"2025-12-31T15:44:04.697947Z","level":"info","event":"🔄 Mengambil tahun 2020...","logger":"task.stdout"}
{"timestamp":"2025-12-31T15:44:05.400720Z","level":"info","event":"-> Berhasil memproses data untuk tahun 2020.","logger":"task.stdout"}
{"timestamp":"2025-12-31T15:44:05.401235Z","level":"info","event":"🔄 Mengambil tahun 2019...","logger":"task.stdout"}
{"timestamp":"2025-12-31T15:44:06.075694Z","level":"info","event":"-> Berhasil memproses data untuk tahun 2019.","logger":"task.stdout"}
{"timestamp":"2025-12-31T15:44:06.076002Z","level":"info","event":"🔄 Mengambil tahun 2018...","logger":"task.stdout"}
{"timestamp":"2025-12-31T15:44:06.789695Z","level":"info","event":"-> Berhasil memproses data untuk tahun 2018.","logger":"task.stdout"}
{"timestamp":"2025-12-31T15:44:06.790168Z","level":"info","event":"🔄 Mengambil tahun 2014...","logger":"task.stdout"}
{"timestamp":"2025-12-31T15:44:07.481580Z","level":"info","event":"-> Berhasil memproses data untuk tahun 2014.","logger":"task.stdout"}
{"timestamp":"2025-12-31T15:44:07.481973Z","level":"info","event":"🔄 Mengambil tahun 2011...","logger":"task.stdout"}
{"timestamp":"2025-12-31T15:44:08.194733Z","level":"info","event":"-> Berhasil memproses data untuk tahun 2011.","logger":"task.stdout"}
{"timestamp":"2025-12-31T15:44:08.212457Z","level":"info","event":"✅Yeay Data berhasil ditranspose menjadi format long (jumlah baris: 1638).","logger":"task.stdout"}
{"timestamp":"2025-12-31T15:44:08.213286Z","level":"info","event":"Skema: 'kesehatan', Tabel: 'desa_yg_memiliki_sarana_kesehatan'","logger":"task.stdout"}
{"timestamp":"2025-12-31T15:44:08.214475Z","level":"info","event":"❌YAH GABISA Terjadi kesalahan saat operasi database: connection to server at \"127.0.0.1\", port 5431 failed: Connection refused","logger":"task.stdout"}
{"timestamp":"2025-12-31T15:44:08.214674Z","level":"info","event":"\tIs the server running on that host and accepting TCP/IP connections?","logger":"task.stdout"}
{"timestamp":"2025-12-31T15:44:08.214801Z","level":"info","event":"","logger":"task.stdout"}
{"timestamp":"2025-12-31T15:44:08.214936Z","level":"info","event":"Skema: 'kesehatan', Tabel: 'desa_yg_memiliki_sarana_kesehatan_cl'","logger":"task.stdout"}
{"timestamp":"2025-12-31T15:44:08.215039Z","level":"info","event":"❌YAH GABISA Terjadi kesalahan saat operasi database: connection to server at \"127.0.0.1\", port 5431 failed: Connection refused","logger":"task.stdout"}
{"timestamp":"2025-12-31T15:44:08.215137Z","level":"info","event":"\tIs the server running on that host and accepting TCP/IP connections?","logger":"task.stdout"}
{"timestamp":"2025-12-31T15:44:08.215419Z","level":"info","event":"","logger":"task.stdout"}
{"timestamp":"2025-12-31T15:44:08.216573Z","level":"info","event":"Done. Returned value was: None","logger":"airflow.task.operators.airflow.providers.standard.operators.python.PythonOperator","filename":"python.py","lineno":215}
{"timestamp":"2025-12-31T15:44:08.229070Z","level":"info","event":"Task instance in success state","logger":"task.stdout"}
{"timestamp":"2025-12-31T15:44:08.229252Z","level":"info","event":" Previous state of the Task instance: TaskInstanceState.RUNNING","logger":"task.stdout"}
{"timestamp":"2025-12-31T15:44:08.229726Z","level":"info","event":"Task operator:<Task(PythonOperator): process_simdasi_apis.process_api_1>","logger":"task.stdout"}
