{"timestamp":"2025-12-31T15:26:24.885373Z","level":"info","event":"DAG bundles loaded: dags-folder, example_dags","logger":"airflow.dag_processing.bundles.manager.DagBundlesManager","filename":"manager.py","lineno":179}
{"timestamp":"2025-12-31T15:26:24.885700Z","level":"info","event":"Filling up the DagBag from /opt/airflow/dags/bps_simdasi_pipeline.py","logger":"airflow.models.dagbag.DagBag","filename":"dagbag.py","lineno":593}
{"timestamp":"2025-12-31T15:26:25.361544Z","level":"info","event":"Task instance is in running state","logger":"task.stdout"}
{"timestamp":"2025-12-31T15:26:25.364256Z","level":"info","event":" Previous state of the Task instance: TaskInstanceState.QUEUED","logger":"task.stdout"}
{"timestamp":"2025-12-31T15:26:25.364417Z","level":"info","event":"Current task name:process_simdasi_apis.process_api_3","logger":"task.stdout"}
{"timestamp":"2025-12-31T15:26:25.364514Z","level":"info","event":"Dag name:bps_simdasi_pipeline","logger":"task.stdout"}
{"timestamp":"2025-12-31T15:26:25.364634Z","level":"info","event":"🔁 Processing URL: https://webapi.bps.go.id/v1/api/interoperabilitas/datasource/simdasi/id/25/tahun/2023/id_tabel/biszcFRCUnVKUXNnTDZvWnA3ZWtyUT09/wilayah/3500000/key/79452e4c302f8921ad36cd2bf55f0630","logger":"task.stdout"}
{"timestamp":"2025-12-31T15:26:25.364712Z","level":"info","event":"","logger":"task.stdout"}
{"timestamp":"2025-12-31T15:26:25.364785Z","level":"info","event":"🔄 Mencoba mengambil daftar tahun yang tersedia secara otomatis...","logger":"task.stdout"}
{"timestamp":"2025-12-31T15:26:26.909784Z","level":"info","event":"✅ Tahun yang tersedia ditemukan: [2016, 2017, 2018, 2019, 2022, 2023]","logger":"task.stdout"}
{"timestamp":"2025-12-31T15:26:26.910736Z","level":"info","event":"","logger":"task.stdout"}
{"timestamp":"2025-12-31T15:26:26.911462Z","level":"info","event":"--- Memulai Loop Pengambilan Data SIMDASI ---","logger":"task.stdout"}
{"timestamp":"2025-12-31T15:26:26.911559Z","level":"info","event":"🔄 Mengambil tahun 2023...","logger":"task.stdout"}
{"timestamp":"2025-12-31T15:26:27.536488Z","level":"info","event":"-> Berhasil memproses data untuk tahun 2023.","logger":"task.stdout"}
{"timestamp":"2025-12-31T15:26:27.537052Z","level":"info","event":"🔄 Mengambil tahun 2022...","logger":"task.stdout"}
{"timestamp":"2025-12-31T15:26:28.167532Z","level":"info","event":"-> Berhasil memproses data untuk tahun 2022.","logger":"task.stdout"}
{"timestamp":"2025-12-31T15:26:28.167953Z","level":"info","event":"🔄 Mengambil tahun 2019...","logger":"task.stdout"}
{"timestamp":"2025-12-31T15:26:28.809416Z","level":"info","event":"-> Berhasil memproses data untuk tahun 2019.","logger":"task.stdout"}
{"timestamp":"2025-12-31T15:26:28.810497Z","level":"info","event":"🔄 Mengambil tahun 2018...","logger":"task.stdout"}
{"timestamp":"2025-12-31T15:26:29.427764Z","level":"info","event":"-> Berhasil memproses data untuk tahun 2018.","logger":"task.stdout"}
{"timestamp":"2025-12-31T15:26:29.428029Z","level":"info","event":"🔄 Mengambil tahun 2017...","logger":"task.stdout"}
{"timestamp":"2025-12-31T15:26:30.106967Z","level":"info","event":"-> Berhasil memproses data untuk tahun 2017.","logger":"task.stdout"}
{"timestamp":"2025-12-31T15:26:30.107492Z","level":"info","event":"🔄 Mengambil tahun 2016...","logger":"task.stdout"}
{"timestamp":"2025-12-31T15:26:30.714502Z","level":"info","event":"-> Berhasil memproses data untuk tahun 2016.","logger":"task.stdout"}
{"timestamp":"2025-12-31T15:26:30.720137Z","level":"info","event":"✅Yeay Data berhasil ditranspose menjadi format long (jumlah baris: 2340).","logger":"task.stdout"}
{"timestamp":"2025-12-31T15:26:30.720489Z","level":"info","event":"Skema: 'kesehatan', Tabel: 'sarana_kesehatan'","logger":"task.stdout"}
{"timestamp":"2025-12-31T15:26:30.721104Z","level":"info","event":"❌YAH GABISA Terjadi kesalahan saat operasi database: connection to server at \"127.0.0.1\", port 5431 failed: Connection refused","logger":"task.stdout"}
{"timestamp":"2025-12-31T15:26:30.721319Z","level":"info","event":"\tIs the server running on that host and accepting TCP/IP connections?","logger":"task.stdout"}
{"timestamp":"2025-12-31T15:26:30.721457Z","level":"info","event":"","logger":"task.stdout"}
{"timestamp":"2025-12-31T15:26:30.721532Z","level":"info","event":"Skema: 'kesehatan', Tabel: 'sarana_kesehatan_cl'","logger":"task.stdout"}
{"timestamp":"2025-12-31T15:26:30.722452Z","level":"info","event":"❌YAH GABISA Terjadi kesalahan saat operasi database: connection to server at \"127.0.0.1\", port 5431 failed: Connection refused","logger":"task.stdout"}
{"timestamp":"2025-12-31T15:26:30.722556Z","level":"info","event":"\tIs the server running on that host and accepting TCP/IP connections?","logger":"task.stdout"}
{"timestamp":"2025-12-31T15:26:30.722607Z","level":"info","event":"","logger":"task.stdout"}
{"timestamp":"2025-12-31T15:26:30.721986Z","level":"info","event":"Done. Returned value was: None","logger":"airflow.task.operators.airflow.providers.standard.operators.python.PythonOperator","filename":"python.py","lineno":215}
{"timestamp":"2025-12-31T15:26:30.732444Z","level":"info","event":"Task instance in success state","logger":"task.stdout"}
{"timestamp":"2025-12-31T15:26:30.733314Z","level":"info","event":" Previous state of the Task instance: TaskInstanceState.RUNNING","logger":"task.stdout"}
{"timestamp":"2025-12-31T15:26:30.733500Z","level":"info","event":"Task operator:<Task(PythonOperator): process_simdasi_apis.process_api_3>","logger":"task.stdout"}
