{"timestamp":"2025-12-31T15:43:59.799486Z","level":"info","event":"DAG bundles loaded: dags-folder, example_dags","logger":"airflow.dag_processing.bundles.manager.DagBundlesManager","filename":"manager.py","lineno":179}
{"timestamp":"2025-12-31T15:43:59.800238Z","level":"info","event":"Filling up the DagBag from /opt/airflow/dags/bps_simdasi_pipeline.py","logger":"airflow.models.dagbag.DagBag","filename":"dagbag.py","lineno":593}
{"timestamp":"2025-12-31T15:44:00.271650Z","level":"info","event":"Task instance is in running state","logger":"task.stdout"}
{"timestamp":"2025-12-31T15:44:00.271927Z","level":"info","event":" Previous state of the Task instance: TaskInstanceState.QUEUED","logger":"task.stdout"}
{"timestamp":"2025-12-31T15:44:00.272144Z","level":"info","event":"Current task name:process_simdasi_apis.process_api_5","logger":"task.stdout"}
{"timestamp":"2025-12-31T15:44:00.272297Z","level":"info","event":"Dag name:bps_simdasi_pipeline","logger":"task.stdout"}
{"timestamp":"2025-12-31T15:44:00.273354Z","level":"info","event":"🔁 Processing URL: https://webapi.bps.go.id/v1/api/interoperabilitas/datasource/simdasi/id/25/tahun/2023/id_tabel/UUROM3lMeGsxZ0czT2xFeEJsK0VWZz09/wilayah/3500000/key/79452e4c302f8921ad36cd2bf55f0630","logger":"task.stdout"}
{"timestamp":"2025-12-31T15:44:00.273726Z","level":"info","event":"","logger":"task.stdout"}
{"timestamp":"2025-12-31T15:44:00.273932Z","level":"info","event":"🔄 Mencoba mengambil daftar tahun yang tersedia secara otomatis...","logger":"task.stdout"}
{"timestamp":"2025-12-31T15:44:01.843235Z","level":"info","event":"✅ Tahun yang tersedia ditemukan: [2017, 2018, 2019, 2020, 2021, 2022, 2023]","logger":"task.stdout"}
{"timestamp":"2025-12-31T15:44:01.845154Z","level":"info","event":"","logger":"task.stdout"}
{"timestamp":"2025-12-31T15:44:01.845428Z","level":"info","event":"--- Memulai Loop Pengambilan Data SIMDASI ---","logger":"task.stdout"}
{"timestamp":"2025-12-31T15:44:01.845616Z","level":"info","event":"🔄 Mengambil tahun 2023...","logger":"task.stdout"}
{"timestamp":"2025-12-31T15:44:02.477973Z","level":"info","event":"-> Berhasil memproses data untuk tahun 2023.","logger":"task.stdout"}
{"timestamp":"2025-12-31T15:44:02.478248Z","level":"info","event":"🔄 Mengambil tahun 2022...","logger":"task.stdout"}
{"timestamp":"2025-12-31T15:44:03.153121Z","level":"info","event":"-> Berhasil memproses data untuk tahun 2022.","logger":"task.stdout"}
{"timestamp":"2025-12-31T15:44:03.153636Z","level":"info","event":"🔄 Mengambil tahun 2021...","logger":"task.stdout"}
{"timestamp":"2025-12-31T15:44:03.900268Z","level":"info","event":"-> Berhasil memproses data untuk tahun 2021.","logger":"task.stdout"}
{"timestamp":"2025-12-31T15:44:03.900803Z","level":"info","event":"🔄 Mengambil tahun 2020...","logger":"task.stdout"}
{"timestamp":"2025-12-31T15:44:04.527188Z","level":"info","event":"-> Berhasil memproses data untuk tahun 2020.","logger":"task.stdout"}
{"timestamp":"2025-12-31T15:44:04.527645Z","level":"info","event":"🔄 Mengambil tahun 2019...","logger":"task.stdout"}
{"timestamp":"2025-12-31T15:44:05.176724Z","level":"info","event":"-> Berhasil memproses data untuk tahun 2019.","logger":"task.stdout"}
{"timestamp":"2025-12-31T15:44:05.177219Z","level":"info","event":"🔄 Mengambil tahun 2018...","logger":"task.stdout"}
{"timestamp":"2025-12-31T15:44:05.827889Z","level":"info","event":"-> Berhasil memproses data untuk tahun 2018.","logger":"task.stdout"}
{"timestamp":"2025-12-31T15:44:05.828343Z","level":"info","event":"🔄 Mengambil tahun 2017...","logger":"task.stdout"}
{"timestamp":"2025-12-31T15:44:06.477223Z","level":"info","event":"-> Berhasil memproses data untuk tahun 2017.","logger":"task.stdout"}
{"timestamp":"2025-12-31T15:44:06.498476Z","level":"info","event":"✅Yeay Data berhasil ditranspose menjadi format long (jumlah baris: 1365).","logger":"task.stdout"}
{"timestamp":"2025-12-31T15:44:06.499683Z","level":"info","event":"Skema: 'kesehatan', Tabel: 'penduduk_yg_memiliki_jaminan_kesehatan'","logger":"task.stdout"}
{"timestamp":"2025-12-31T15:44:06.501149Z","level":"info","event":"❌YAH GABISA Terjadi kesalahan saat operasi database: connection to server at \"127.0.0.1\", port 5431 failed: Connection refused","logger":"task.stdout"}
{"timestamp":"2025-12-31T15:44:06.503465Z","level":"info","event":"\tIs the server running on that host and accepting TCP/IP connections?","logger":"task.stdout"}
{"timestamp":"2025-12-31T15:44:06.503648Z","level":"info","event":"","logger":"task.stdout"}
{"timestamp":"2025-12-31T15:44:06.503740Z","level":"info","event":"Skema: 'kesehatan', Tabel: 'penduduk_yg_memiliki_jaminan_kesehatan_cl'","logger":"task.stdout"}
{"timestamp":"2025-12-31T15:44:06.503882Z","level":"info","event":"❌YAH GABISA Terjadi kesalahan saat operasi database: connection to server at \"127.0.0.1\", port 5431 failed: Connection refused","logger":"task.stdout"}
{"timestamp":"2025-12-31T15:44:06.504016Z","level":"info","event":"\tIs the server running on that host and accepting TCP/IP connections?","logger":"task.stdout"}
{"timestamp":"2025-12-31T15:44:06.504117Z","level":"info","event":"","logger":"task.stdout"}
{"timestamp":"2025-12-31T15:44:06.502728Z","level":"info","event":"Done. Returned value was: None","logger":"airflow.task.operators.airflow.providers.standard.operators.python.PythonOperator","filename":"python.py","lineno":215}
{"timestamp":"2025-12-31T15:44:06.522520Z","level":"info","event":"Task instance in success state","logger":"task.stdout"}
{"timestamp":"2025-12-31T15:44:06.522826Z","level":"info","event":" Previous state of the Task instance: TaskInstanceState.RUNNING","logger":"task.stdout"}
{"timestamp":"2025-12-31T15:44:06.523125Z","level":"info","event":"Task operator:<Task(PythonOperator): process_simdasi_apis.process_api_5>","logger":"task.stdout"}
