{"timestamp":"2025-12-31T15:21:30.631906Z","level":"info","event":"DAG bundles loaded: dags-folder, example_dags","logger":"airflow.dag_processing.bundles.manager.DagBundlesManager","filename":"manager.py","lineno":179}
{"timestamp":"2025-12-31T15:21:30.632418Z","level":"info","event":"Filling up the DagBag from /opt/airflow/dags/bps_simdasi_pipeline.py","logger":"airflow.models.dagbag.DagBag","filename":"dagbag.py","lineno":593}
{"timestamp":"2025-12-31T15:21:31.115347Z","level":"info","event":"Task instance is in running state","logger":"task.stdout"}
{"timestamp":"2025-12-31T15:21:31.115525Z","level":"info","event":" Previous state of the Task instance: TaskInstanceState.QUEUED","logger":"task.stdout"}
{"timestamp":"2025-12-31T15:21:31.115652Z","level":"info","event":"Current task name:process_simdasi_apis.process_api_4","logger":"task.stdout"}
{"timestamp":"2025-12-31T15:21:31.115733Z","level":"info","event":"Dag name:bps_simdasi_pipeline","logger":"task.stdout"}
{"timestamp":"2025-12-31T15:21:31.116359Z","level":"info","event":"🔁 Processing URL: https://webapi.bps.go.id/v1/api/interoperabilitas/datasource/simdasi/id/25/tahun/2024/id_tabel/aWpHRGF4UVBjZTVEODBHMTV4R0xUUT09/wilayah/3500000/key/79452e4c302f8921ad36cd2bf55f0630/","logger":"task.stdout"}
{"timestamp":"2025-12-31T15:21:31.116424Z","level":"info","event":"","logger":"task.stdout"}
{"timestamp":"2025-12-31T15:21:31.116484Z","level":"info","event":"🔄 Mencoba mengambil daftar tahun yang tersedia secara otomatis...","logger":"task.stdout"}
{"timestamp":"2025-12-31T15:21:32.848412Z","level":"info","event":"✅ Tahun yang tersedia ditemukan: [2018, 2019, 2023, 2024]","logger":"task.stdout"}
{"timestamp":"2025-12-31T15:21:32.848816Z","level":"info","event":"","logger":"task.stdout"}
{"timestamp":"2025-12-31T15:21:32.848944Z","level":"info","event":"--- Memulai Loop Pengambilan Data SIMDASI ---","logger":"task.stdout"}
{"timestamp":"2025-12-31T15:21:32.849008Z","level":"info","event":"🔄 Mengambil tahun 2024...","logger":"task.stdout"}
{"timestamp":"2025-12-31T15:21:33.574987Z","level":"info","event":"-> Berhasil memproses data untuk tahun 2024.","logger":"task.stdout"}
{"timestamp":"2025-12-31T15:21:33.575340Z","level":"info","event":"🔄 Mengambil tahun 2023...","logger":"task.stdout"}
{"timestamp":"2025-12-31T15:21:34.251037Z","level":"info","event":"-> Berhasil memproses data untuk tahun 2023.","logger":"task.stdout"}
{"timestamp":"2025-12-31T15:21:34.251612Z","level":"info","event":"🔄 Mengambil tahun 2019...","logger":"task.stdout"}
{"timestamp":"2025-12-31T15:21:34.925412Z","level":"info","event":"-> Berhasil memproses data untuk tahun 2019.","logger":"task.stdout"}
{"timestamp":"2025-12-31T15:21:34.925900Z","level":"info","event":"🔄 Mengambil tahun 2018...","logger":"task.stdout"}
{"timestamp":"2025-12-31T15:21:35.639899Z","level":"info","event":"-> Berhasil memproses data untuk tahun 2018.","logger":"task.stdout"}
{"timestamp":"2025-12-31T15:21:35.654431Z","level":"info","event":"✅Yeay Data berhasil ditranspose menjadi format long (jumlah baris: 2028).","logger":"task.stdout"}
{"timestamp":"2025-12-31T15:21:35.655781Z","level":"info","event":"Skema: 'kesehatan', Tabel: 'tenaga_kesehatan'","logger":"task.stdout"}
{"timestamp":"2025-12-31T15:21:35.656565Z","level":"info","event":"❌YAH GABISA Terjadi kesalahan saat operasi database: connection to server at \"localhost\" (::1), port 5431 failed: Connection refused","logger":"task.stdout"}
{"timestamp":"2025-12-31T15:21:35.656680Z","level":"info","event":"\tIs the server running on that host and accepting TCP/IP connections?","logger":"task.stdout"}
{"timestamp":"2025-12-31T15:21:35.656777Z","level":"info","event":"connection to server at \"localhost\" (127.0.0.1), port 5431 failed: Connection refused","logger":"task.stdout"}
{"timestamp":"2025-12-31T15:21:35.656943Z","level":"info","event":"\tIs the server running on that host and accepting TCP/IP connections?","logger":"task.stdout"}
{"timestamp":"2025-12-31T15:21:35.657680Z","level":"info","event":"","logger":"task.stdout"}
{"timestamp":"2025-12-31T15:21:35.657858Z","level":"info","event":"Skema: 'kesehatan', Tabel: 'tenaga_kesehatan_cl'","logger":"task.stdout"}
{"timestamp":"2025-12-31T15:21:35.658145Z","level":"info","event":"❌YAH GABISA Terjadi kesalahan saat operasi database: connection to server at \"localhost\" (::1), port 5431 failed: Connection refused","logger":"task.stdout"}
{"timestamp":"2025-12-31T15:21:35.658419Z","level":"info","event":"\tIs the server running on that host and accepting TCP/IP connections?","logger":"task.stdout"}
{"timestamp":"2025-12-31T15:21:35.658619Z","level":"info","event":"connection to server at \"localhost\" (127.0.0.1), port 5431 failed: Connection refused","logger":"task.stdout"}
{"timestamp":"2025-12-31T15:21:35.658784Z","level":"info","event":"\tIs the server running on that host and accepting TCP/IP connections?","logger":"task.stdout"}
{"timestamp":"2025-12-31T15:21:35.658893Z","level":"info","event":"","logger":"task.stdout"}
{"timestamp":"2025-12-31T15:21:35.658627Z","level":"info","event":"Done. Returned value was: None","logger":"airflow.task.operators.airflow.providers.standard.operators.python.PythonOperator","filename":"python.py","lineno":215}
{"timestamp":"2025-12-31T15:21:35.668140Z","level":"info","event":"Task instance in success state","logger":"task.stdout"}
{"timestamp":"2025-12-31T15:21:35.668286Z","level":"info","event":" Previous state of the Task instance: TaskInstanceState.RUNNING","logger":"task.stdout"}
{"timestamp":"2025-12-31T15:21:35.668545Z","level":"info","event":"Task operator:<Task(PythonOperator): process_simdasi_apis.process_api_4>","logger":"task.stdout"}
