{"timestamp":"2025-12-31T15:45:33.155612Z","level":"info","event":"DAG bundles loaded: dags-folder, example_dags","logger":"airflow.dag_processing.bundles.manager.DagBundlesManager","filename":"manager.py","lineno":179}
{"timestamp":"2025-12-31T15:45:33.156097Z","level":"info","event":"Filling up the DagBag from /opt/airflow/dags/bps_simdasi_pipeline.py","logger":"airflow.models.dagbag.DagBag","filename":"dagbag.py","lineno":593}
{"timestamp":"2025-12-31T15:45:33.596481Z","level":"info","event":"Task instance is in running state","logger":"task.stdout"}
{"timestamp":"2025-12-31T15:45:33.597811Z","level":"info","event":" Previous state of the Task instance: TaskInstanceState.QUEUED","logger":"task.stdout"}
{"timestamp":"2025-12-31T15:45:33.598047Z","level":"info","event":"Current task name:process_simdasi_apis.process_api_4","logger":"task.stdout"}
{"timestamp":"2025-12-31T15:45:33.598438Z","level":"info","event":"Dag name:bps_simdasi_pipeline","logger":"task.stdout"}
{"timestamp":"2025-12-31T15:45:33.598897Z","level":"info","event":"🔁 Processing URL: https://webapi.bps.go.id/v1/api/interoperabilitas/datasource/simdasi/id/25/tahun/2024/id_tabel/aWpHRGF4UVBjZTVEODBHMTV4R0xUUT09/wilayah/3500000/key/79452e4c302f8921ad36cd2bf55f0630/","logger":"task.stdout"}
{"timestamp":"2025-12-31T15:45:33.599050Z","level":"info","event":"","logger":"task.stdout"}
{"timestamp":"2025-12-31T15:45:33.599333Z","level":"info","event":"🔄 Mencoba mengambil daftar tahun yang tersedia secara otomatis...","logger":"task.stdout"}
{"timestamp":"2025-12-31T15:45:35.207136Z","level":"info","event":"✅ Tahun yang tersedia ditemukan: [2018, 2019, 2023, 2024]","logger":"task.stdout"}
{"timestamp":"2025-12-31T15:45:35.208913Z","level":"info","event":"","logger":"task.stdout"}
{"timestamp":"2025-12-31T15:45:35.209797Z","level":"info","event":"--- Memulai Loop Pengambilan Data SIMDASI ---","logger":"task.stdout"}
{"timestamp":"2025-12-31T15:45:35.210018Z","level":"info","event":"🔄 Mengambil tahun 2024...","logger":"task.stdout"}
{"timestamp":"2025-12-31T15:45:35.890524Z","level":"info","event":"-> Berhasil memproses data untuk tahun 2024.","logger":"task.stdout"}
{"timestamp":"2025-12-31T15:45:35.891719Z","level":"info","event":"🔄 Mengambil tahun 2023...","logger":"task.stdout"}
{"timestamp":"2025-12-31T15:45:36.536394Z","level":"info","event":"-> Berhasil memproses data untuk tahun 2023.","logger":"task.stdout"}
{"timestamp":"2025-12-31T15:45:36.536632Z","level":"info","event":"🔄 Mengambil tahun 2019...","logger":"task.stdout"}
{"timestamp":"2025-12-31T15:45:37.156855Z","level":"info","event":"-> Berhasil memproses data untuk tahun 2019.","logger":"task.stdout"}
{"timestamp":"2025-12-31T15:45:37.157208Z","level":"info","event":"🔄 Mengambil tahun 2018...","logger":"task.stdout"}
{"timestamp":"2025-12-31T15:45:37.767637Z","level":"info","event":"-> Berhasil memproses data untuk tahun 2018.","logger":"task.stdout"}
{"timestamp":"2025-12-31T15:45:37.771907Z","level":"info","event":"✅Yeay Data berhasil ditranspose menjadi format long (jumlah baris: 2028).","logger":"task.stdout"}
{"timestamp":"2025-12-31T15:45:37.772442Z","level":"info","event":"Skema: 'kesehatan', Tabel: 'tenaga_kesehatan'","logger":"task.stdout"}
{"timestamp":"2025-12-31T15:45:37.773014Z","level":"info","event":"❌YAH GABISA Terjadi kesalahan saat operasi database: connection to server at \"localhost\" (::1), port 5431 failed: Connection refused","logger":"task.stdout"}
{"timestamp":"2025-12-31T15:45:37.773091Z","level":"info","event":"\tIs the server running on that host and accepting TCP/IP connections?","logger":"task.stdout"}
{"timestamp":"2025-12-31T15:45:37.773150Z","level":"info","event":"connection to server at \"localhost\" (127.0.0.1), port 5431 failed: Connection refused","logger":"task.stdout"}
{"timestamp":"2025-12-31T15:45:37.773217Z","level":"info","event":"\tIs the server running on that host and accepting TCP/IP connections?","logger":"task.stdout"}
{"timestamp":"2025-12-31T15:45:37.773308Z","level":"info","event":"","logger":"task.stdout"}
{"timestamp":"2025-12-31T15:45:37.773374Z","level":"info","event":"Skema: 'kesehatan', Tabel: 'tenaga_kesehatan_cl'","logger":"task.stdout"}
{"timestamp":"2025-12-31T15:45:37.773636Z","level":"info","event":"❌YAH GABISA Terjadi kesalahan saat operasi database: connection to server at \"localhost\" (::1), port 5431 failed: Connection refused","logger":"task.stdout"}
{"timestamp":"2025-12-31T15:45:37.773707Z","level":"info","event":"\tIs the server running on that host and accepting TCP/IP connections?","logger":"task.stdout"}
{"timestamp":"2025-12-31T15:45:37.773771Z","level":"info","event":"connection to server at \"localhost\" (127.0.0.1), port 5431 failed: Connection refused","logger":"task.stdout"}
{"timestamp":"2025-12-31T15:45:37.773835Z","level":"info","event":"\tIs the server running on that host and accepting TCP/IP connections?","logger":"task.stdout"}
{"timestamp":"2025-12-31T15:45:37.773919Z","level":"info","event":"","logger":"task.stdout"}
{"timestamp":"2025-12-31T15:45:37.773559Z","level":"info","event":"Done. Returned value was: None","logger":"airflow.task.operators.airflow.providers.standard.operators.python.PythonOperator","filename":"python.py","lineno":215}
{"timestamp":"2025-12-31T15:45:37.782222Z","level":"info","event":"Task instance in success state","logger":"task.stdout"}
{"timestamp":"2025-12-31T15:45:37.782372Z","level":"info","event":" Previous state of the Task instance: TaskInstanceState.RUNNING","logger":"task.stdout"}
{"timestamp":"2025-12-31T15:45:37.782705Z","level":"info","event":"Task operator:<Task(PythonOperator): process_simdasi_apis.process_api_4>","logger":"task.stdout"}
