{"timestamp":"2025-12-31T15:21:16.507703Z","level":"info","event":"DAG bundles loaded: dags-folder, example_dags","logger":"airflow.dag_processing.bundles.manager.DagBundlesManager","filename":"manager.py","lineno":179}
{"timestamp":"2025-12-31T15:21:16.508174Z","level":"info","event":"Filling up the DagBag from /opt/airflow/dags/bps_simdasi_pipeline.py","logger":"airflow.models.dagbag.DagBag","filename":"dagbag.py","lineno":593}
{"timestamp":"2025-12-31T15:21:17.244142Z","level":"info","event":"Task instance is in running state","logger":"task.stdout"}
{"timestamp":"2025-12-31T15:21:17.244391Z","level":"info","event":" Previous state of the Task instance: TaskInstanceState.QUEUED","logger":"task.stdout"}
{"timestamp":"2025-12-31T15:21:17.244585Z","level":"info","event":"Current task name:process_simdasi_apis.process_api_2","logger":"task.stdout"}
{"timestamp":"2025-12-31T15:21:17.244743Z","level":"info","event":"Dag name:bps_simdasi_pipeline","logger":"task.stdout"}
{"timestamp":"2025-12-31T15:21:17.245657Z","level":"info","event":"🔁 Processing URL: https://webapi.bps.go.id/v1/api/interoperabilitas/datasource/simdasi/id/25/tahun/2024/id_tabel/a05CZmFhT0JWY0lBd2g0cW80S0xiZz09/wilayah/3500000/th/1,2/key/79452e4c302f8921ad36cd2bf55f0630","logger":"task.stdout"}
{"timestamp":"2025-12-31T15:21:17.245796Z","level":"info","event":"","logger":"task.stdout"}
{"timestamp":"2025-12-31T15:21:17.245908Z","level":"info","event":"🔄 Mencoba mengambil daftar tahun yang tersedia secara otomatis...","logger":"task.stdout"}
{"timestamp":"2025-12-31T15:21:19.600774Z","level":"info","event":"✅ Tahun yang tersedia ditemukan: [2017, 2019, 2023, 2024]","logger":"task.stdout"}
{"timestamp":"2025-12-31T15:21:19.601521Z","level":"info","event":"","logger":"task.stdout"}
{"timestamp":"2025-12-31T15:21:19.601678Z","level":"info","event":"--- Memulai Loop Pengambilan Data SIMDASI ---","logger":"task.stdout"}
{"timestamp":"2025-12-31T15:21:19.601762Z","level":"info","event":"🔄 Mengambil tahun 2024...","logger":"task.stdout"}
{"timestamp":"2025-12-31T15:21:20.368027Z","level":"info","event":"-> Berhasil memproses data untuk tahun 2024.","logger":"task.stdout"}
{"timestamp":"2025-12-31T15:21:20.368521Z","level":"info","event":"🔄 Mengambil tahun 2023...","logger":"task.stdout"}
{"timestamp":"2025-12-31T15:21:21.152359Z","level":"info","event":"-> Berhasil memproses data untuk tahun 2023.","logger":"task.stdout"}
{"timestamp":"2025-12-31T15:21:21.153160Z","level":"info","event":"🔄 Mengambil tahun 2019...","logger":"task.stdout"}
{"timestamp":"2025-12-31T15:21:21.878286Z","level":"info","event":"-> Berhasil memproses data untuk tahun 2019.","logger":"task.stdout"}
{"timestamp":"2025-12-31T15:21:21.878559Z","level":"info","event":"🔄 Mengambil tahun 2017...","logger":"task.stdout"}
{"timestamp":"2025-12-31T15:21:22.624334Z","level":"info","event":"-> Berhasil memproses data untuk tahun 2017.","logger":"task.stdout"}
{"timestamp":"2025-12-31T15:21:22.630540Z","level":"info","event":"✅Yeay Data berhasil ditranspose menjadi format long (jumlah baris: 2496).","logger":"task.stdout"}
{"timestamp":"2025-12-31T15:21:22.631609Z","level":"info","event":"Skema: 'kesehatan', Tabel: 'kasus_penyakit'","logger":"task.stdout"}
{"timestamp":"2025-12-31T15:21:22.632843Z","level":"info","event":"❌YAH GABISA Terjadi kesalahan saat operasi database: connection to server at \"localhost\" (::1), port 5431 failed: Connection refused","logger":"task.stdout"}
{"timestamp":"2025-12-31T15:21:22.633085Z","level":"info","event":"\tIs the server running on that host and accepting TCP/IP connections?","logger":"task.stdout"}
{"timestamp":"2025-12-31T15:21:22.633336Z","level":"info","event":"connection to server at \"localhost\" (127.0.0.1), port 5431 failed: Connection refused","logger":"task.stdout"}
{"timestamp":"2025-12-31T15:21:22.633513Z","level":"info","event":"\tIs the server running on that host and accepting TCP/IP connections?","logger":"task.stdout"}
{"timestamp":"2025-12-31T15:21:22.635253Z","level":"info","event":"","logger":"task.stdout"}
{"timestamp":"2025-12-31T15:21:22.635847Z","level":"info","event":"Skema: 'kesehatan', Tabel: 'kasus_penyakit_cl'","logger":"task.stdout"}
{"timestamp":"2025-12-31T15:21:22.636026Z","level":"info","event":"❌YAH GABISA Terjadi kesalahan saat operasi database: connection to server at \"localhost\" (::1), port 5431 failed: Connection refused","logger":"task.stdout"}
{"timestamp":"2025-12-31T15:21:22.636103Z","level":"info","event":"\tIs the server running on that host and accepting TCP/IP connections?","logger":"task.stdout"}
{"timestamp":"2025-12-31T15:21:22.636162Z","level":"info","event":"connection to server at \"localhost\" (127.0.0.1), port 5431 failed: Connection refused","logger":"task.stdout"}
{"timestamp":"2025-12-31T15:21:22.636226Z","level":"info","event":"\tIs the server running on that host and accepting TCP/IP connections?","logger":"task.stdout"}
{"timestamp":"2025-12-31T15:21:22.636284Z","level":"info","event":"","logger":"task.stdout"}
{"timestamp":"2025-12-31T15:21:22.633885Z","level":"info","event":"Done. Returned value was: None","logger":"airflow.task.operators.airflow.providers.standard.operators.python.PythonOperator","filename":"python.py","lineno":215}
{"timestamp":"2025-12-31T15:21:22.647720Z","level":"info","event":"Task instance in success state","logger":"task.stdout"}
{"timestamp":"2025-12-31T15:21:22.648456Z","level":"info","event":" Previous state of the Task instance: TaskInstanceState.RUNNING","logger":"task.stdout"}
{"timestamp":"2025-12-31T15:21:22.649070Z","level":"info","event":"Task operator:<Task(PythonOperator): process_simdasi_apis.process_api_2>","logger":"task.stdout"}
