{"timestamp":"2025-12-31T15:44:22.171460Z","level":"info","event":"DAG bundles loaded: dags-folder, example_dags","logger":"airflow.dag_processing.bundles.manager.DagBundlesManager","filename":"manager.py","lineno":179}
{"timestamp":"2025-12-31T15:44:22.172480Z","level":"info","event":"Filling up the DagBag from /opt/airflow/dags/bps_simdasi_pipeline.py","logger":"airflow.models.dagbag.DagBag","filename":"dagbag.py","lineno":593}
{"timestamp":"2025-12-31T15:44:22.700357Z","level":"info","event":"Task instance is in running state","logger":"task.stdout"}
{"timestamp":"2025-12-31T15:44:22.702349Z","level":"info","event":" Previous state of the Task instance: TaskInstanceState.QUEUED","logger":"task.stdout"}
{"timestamp":"2025-12-31T15:44:22.702537Z","level":"info","event":"Current task name:process_simdasi_apis.process_api_4","logger":"task.stdout"}
{"timestamp":"2025-12-31T15:44:22.702709Z","level":"info","event":"Dag name:bps_simdasi_pipeline","logger":"task.stdout"}
{"timestamp":"2025-12-31T15:44:22.702905Z","level":"info","event":"🔁 Processing URL: https://webapi.bps.go.id/v1/api/interoperabilitas/datasource/simdasi/id/25/tahun/2024/id_tabel/aWpHRGF4UVBjZTVEODBHMTV4R0xUUT09/wilayah/3500000/key/79452e4c302f8921ad36cd2bf55f0630/","logger":"task.stdout"}
{"timestamp":"2025-12-31T15:44:22.703120Z","level":"info","event":"","logger":"task.stdout"}
{"timestamp":"2025-12-31T15:44:22.703438Z","level":"info","event":"🔄 Mencoba mengambil daftar tahun yang tersedia secara otomatis...","logger":"task.stdout"}
{"timestamp":"2025-12-31T15:44:24.570246Z","level":"info","event":"✅ Tahun yang tersedia ditemukan: [2018, 2019, 2023, 2024]","logger":"task.stdout"}
{"timestamp":"2025-12-31T15:44:24.570502Z","level":"info","event":"","logger":"task.stdout"}
{"timestamp":"2025-12-31T15:44:24.570578Z","level":"info","event":"--- Memulai Loop Pengambilan Data SIMDASI ---","logger":"task.stdout"}
{"timestamp":"2025-12-31T15:44:24.570627Z","level":"info","event":"🔄 Mengambil tahun 2024...","logger":"task.stdout"}
{"timestamp":"2025-12-31T15:44:25.326751Z","level":"info","event":"-> Berhasil memproses data untuk tahun 2024.","logger":"task.stdout"}
{"timestamp":"2025-12-31T15:44:25.327572Z","level":"info","event":"🔄 Mengambil tahun 2023...","logger":"task.stdout"}
{"timestamp":"2025-12-31T15:44:26.035084Z","level":"info","event":"-> Berhasil memproses data untuk tahun 2023.","logger":"task.stdout"}
{"timestamp":"2025-12-31T15:44:26.036722Z","level":"info","event":"🔄 Mengambil tahun 2019...","logger":"task.stdout"}
{"timestamp":"2025-12-31T15:44:26.728537Z","level":"info","event":"-> Berhasil memproses data untuk tahun 2019.","logger":"task.stdout"}
{"timestamp":"2025-12-31T15:44:26.728963Z","level":"info","event":"🔄 Mengambil tahun 2018...","logger":"task.stdout"}
{"timestamp":"2025-12-31T15:44:27.449473Z","level":"info","event":"-> Berhasil memproses data untuk tahun 2018.","logger":"task.stdout"}
{"timestamp":"2025-12-31T15:44:27.464275Z","level":"info","event":"✅Yeay Data berhasil ditranspose menjadi format long (jumlah baris: 2028).","logger":"task.stdout"}
{"timestamp":"2025-12-31T15:44:27.464560Z","level":"info","event":"Skema: 'kesehatan', Tabel: 'tenaga_kesehatan'","logger":"task.stdout"}
{"timestamp":"2025-12-31T15:44:27.464718Z","level":"info","event":"❌YAH GABISA Terjadi kesalahan saat operasi database: connection to server at \"127.0.0.1\", port 5431 failed: Connection refused","logger":"task.stdout"}
{"timestamp":"2025-12-31T15:44:27.464850Z","level":"info","event":"\tIs the server running on that host and accepting TCP/IP connections?","logger":"task.stdout"}
{"timestamp":"2025-12-31T15:44:27.464988Z","level":"info","event":"","logger":"task.stdout"}
{"timestamp":"2025-12-31T15:44:27.465091Z","level":"info","event":"Skema: 'kesehatan', Tabel: 'tenaga_kesehatan_cl'","logger":"task.stdout"}
{"timestamp":"2025-12-31T15:44:27.465170Z","level":"info","event":"❌YAH GABISA Terjadi kesalahan saat operasi database: connection to server at \"127.0.0.1\", port 5431 failed: Connection refused","logger":"task.stdout"}
{"timestamp":"2025-12-31T15:44:27.465272Z","level":"info","event":"\tIs the server running on that host and accepting TCP/IP connections?","logger":"task.stdout"}
{"timestamp":"2025-12-31T15:44:27.465438Z","level":"info","event":"","logger":"task.stdout"}
{"timestamp":"2025-12-31T15:44:27.464540Z","level":"info","event":"Done. Returned value was: None","logger":"airflow.task.operators.airflow.providers.standard.operators.python.PythonOperator","filename":"python.py","lineno":215}
{"timestamp":"2025-12-31T15:44:27.475531Z","level":"info","event":"Task instance in success state","logger":"task.stdout"}
{"timestamp":"2025-12-31T15:44:27.475669Z","level":"info","event":" Previous state of the Task instance: TaskInstanceState.RUNNING","logger":"task.stdout"}
{"timestamp":"2025-12-31T15:44:27.475898Z","level":"info","event":"Task operator:<Task(PythonOperator): process_simdasi_apis.process_api_4>","logger":"task.stdout"}
