{"timestamp":"2025-12-31T15:44:28.119401Z","level":"info","event":"DAG bundles loaded: dags-folder, example_dags","logger":"airflow.dag_processing.bundles.manager.DagBundlesManager","filename":"manager.py","lineno":179}
{"timestamp":"2025-12-31T15:44:28.119680Z","level":"info","event":"Filling up the DagBag from /opt/airflow/dags/bps_simdasi_pipeline.py","logger":"airflow.models.dagbag.DagBag","filename":"dagbag.py","lineno":593}
{"timestamp":"2025-12-31T15:44:28.543361Z","level":"info","event":"Task instance is in running state","logger":"task.stdout"}
{"timestamp":"2025-12-31T15:44:28.544539Z","level":"info","event":" Previous state of the Task instance: TaskInstanceState.QUEUED","logger":"task.stdout"}
{"timestamp":"2025-12-31T15:44:28.544735Z","level":"info","event":"Current task name:process_simdasi_apis.process_api_5","logger":"task.stdout"}
{"timestamp":"2025-12-31T15:44:28.544918Z","level":"info","event":"Dag name:bps_simdasi_pipeline","logger":"task.stdout"}
{"timestamp":"2025-12-31T15:44:28.545068Z","level":"info","event":"🔁 Processing URL: https://webapi.bps.go.id/v1/api/interoperabilitas/datasource/simdasi/id/25/tahun/2023/id_tabel/UUROM3lMeGsxZ0czT2xFeEJsK0VWZz09/wilayah/3500000/key/79452e4c302f8921ad36cd2bf55f0630","logger":"task.stdout"}
{"timestamp":"2025-12-31T15:44:28.545214Z","level":"info","event":"","logger":"task.stdout"}
{"timestamp":"2025-12-31T15:44:28.545389Z","level":"info","event":"🔄 Mencoba mengambil daftar tahun yang tersedia secara otomatis...","logger":"task.stdout"}
{"timestamp":"2025-12-31T15:44:30.238158Z","level":"info","event":"✅ Tahun yang tersedia ditemukan: [2017, 2018, 2019, 2020, 2021, 2022, 2023]","logger":"task.stdout"}
{"timestamp":"2025-12-31T15:44:30.240326Z","level":"info","event":"","logger":"task.stdout"}
{"timestamp":"2025-12-31T15:44:30.240545Z","level":"info","event":"--- Memulai Loop Pengambilan Data SIMDASI ---","logger":"task.stdout"}
{"timestamp":"2025-12-31T15:44:30.240745Z","level":"info","event":"🔄 Mengambil tahun 2023...","logger":"task.stdout"}
{"timestamp":"2025-12-31T15:44:30.947468Z","level":"info","event":"-> Berhasil memproses data untuk tahun 2023.","logger":"task.stdout"}
{"timestamp":"2025-12-31T15:44:30.948798Z","level":"info","event":"🔄 Mengambil tahun 2022...","logger":"task.stdout"}
{"timestamp":"2025-12-31T15:44:31.648622Z","level":"info","event":"-> Berhasil memproses data untuk tahun 2022.","logger":"task.stdout"}
{"timestamp":"2025-12-31T15:44:31.648877Z","level":"info","event":"🔄 Mengambil tahun 2021...","logger":"task.stdout"}
{"timestamp":"2025-12-31T15:44:32.334809Z","level":"info","event":"-> Berhasil memproses data untuk tahun 2021.","logger":"task.stdout"}
{"timestamp":"2025-12-31T15:44:32.335371Z","level":"info","event":"🔄 Mengambil tahun 2020...","logger":"task.stdout"}
{"timestamp":"2025-12-31T15:44:33.053727Z","level":"info","event":"-> Berhasil memproses data untuk tahun 2020.","logger":"task.stdout"}
{"timestamp":"2025-12-31T15:44:33.054209Z","level":"info","event":"🔄 Mengambil tahun 2019...","logger":"task.stdout"}
{"timestamp":"2025-12-31T15:44:33.738384Z","level":"info","event":"-> Berhasil memproses data untuk tahun 2019.","logger":"task.stdout"}
{"timestamp":"2025-12-31T15:44:33.738803Z","level":"info","event":"🔄 Mengambil tahun 2018...","logger":"task.stdout"}
{"timestamp":"2025-12-31T15:44:34.510888Z","level":"info","event":"-> Berhasil memproses data untuk tahun 2018.","logger":"task.stdout"}
{"timestamp":"2025-12-31T15:44:34.511180Z","level":"info","event":"🔄 Mengambil tahun 2017...","logger":"task.stdout"}
{"timestamp":"2025-12-31T15:44:35.365621Z","level":"info","event":"-> Berhasil memproses data untuk tahun 2017.","logger":"task.stdout"}
{"timestamp":"2025-12-31T15:44:35.384780Z","level":"info","event":"✅Yeay Data berhasil ditranspose menjadi format long (jumlah baris: 1365).","logger":"task.stdout"}
{"timestamp":"2025-12-31T15:44:35.388444Z","level":"info","event":"Skema: 'kesehatan', Tabel: 'penduduk_yg_memiliki_jaminan_kesehatan'","logger":"task.stdout"}
{"timestamp":"2025-12-31T15:44:35.389435Z","level":"info","event":"❌YAH GABISA Terjadi kesalahan saat operasi database: connection to server at \"127.0.0.1\", port 5431 failed: Connection refused","logger":"task.stdout"}
{"timestamp":"2025-12-31T15:44:35.389641Z","level":"info","event":"\tIs the server running on that host and accepting TCP/IP connections?","logger":"task.stdout"}
{"timestamp":"2025-12-31T15:44:35.389771Z","level":"info","event":"","logger":"task.stdout"}
{"timestamp":"2025-12-31T15:44:35.389852Z","level":"info","event":"Skema: 'kesehatan', Tabel: 'penduduk_yg_memiliki_jaminan_kesehatan_cl'","logger":"task.stdout"}
{"timestamp":"2025-12-31T15:44:35.390119Z","level":"info","event":"❌YAH GABISA Terjadi kesalahan saat operasi database: connection to server at \"127.0.0.1\", port 5431 failed: Connection refused","logger":"task.stdout"}
{"timestamp":"2025-12-31T15:44:35.390204Z","level":"info","event":"\tIs the server running on that host and accepting TCP/IP connections?","logger":"task.stdout"}
{"timestamp":"2025-12-31T15:44:35.390314Z","level":"info","event":"","logger":"task.stdout"}
{"timestamp":"2025-12-31T15:44:35.395513Z","level":"info","event":"Done. Returned value was: None","logger":"airflow.task.operators.airflow.providers.standard.operators.python.PythonOperator","filename":"python.py","lineno":215}
{"timestamp":"2025-12-31T15:44:35.434225Z","level":"info","event":"Task instance in success state","logger":"task.stdout"}
{"timestamp":"2025-12-31T15:44:35.434524Z","level":"info","event":" Previous state of the Task instance: TaskInstanceState.RUNNING","logger":"task.stdout"}
{"timestamp":"2025-12-31T15:44:35.435141Z","level":"info","event":"Task operator:<Task(PythonOperator): process_simdasi_apis.process_api_5>","logger":"task.stdout"}
